# JRE version: Java(TM) SE Runtime Environment (8.0_281-b09) (build 1.8.0_281-b09)
# Java VM: Java HotSpot(TM) 64-Bit Server VM (25.281-b09 mixed mode windows-amd64 compressed oops)
Heap:
 PSYoungGen      total 139776K, used 109025K [0x000000076c580000, 0x000000077d680000, 0x00000007c0000000)
  eden space 129024K, 84% used [0x000000076c580000,0x0000000772ff8508,0x0000000774380000)
  from space 10752K, 0% used [0x0000000774380000,0x0000000774380000,0x0000000774e00000)
  to   space 10752K, 0% used [0x000000077cc00000,0x000000077cc00000,0x000000077d680000)
 ParOldGen       total 101376K, used 8687K [0x00000006c5000000, 0x00000006cb300000, 0x000000076c580000)
  object space 101376K, 8% used [0x00000006c5000000,0x00000006c587be98,0x00000006cb300000)
 Metaspace       used 27403K, capacity 29188K, committed 29440K, reserved 1075200K
  class space    used 3896K, capacity 4249K, committed 4352K, reserved 1048576K
GC Heap History (8 events):
Event: 0.888 GC heap before
{Heap before GC invocations=1 (full 0):
 PSYoungGen      total 75264K, used 64512K [0x000000076c580000, 0x0000000771980000, 0x00000007c0000000)
  eden space 64512K, 100% used [0x000000076c580000,0x0000000770480000,0x0000000770480000)
  from space 10752K, 0% used [0x0000000770f00000,0x0000000770f00000,0x0000000771980000)
  to   space 10752K, 0% used [0x0000000770480000,0x0000000770480000,0x0000000770f00000)
 ParOldGen       total 172032K, used 0K [0x00000006c5000000, 0x00000006cf800000, 0x000000076c580000)
  object space 172032K, 0% used [0x00000006c5000000,0x00000006c5000000,0x00000006cf800000)
 Metaspace       used 13454K, capacity 14036K, committed 14208K, reserved 1060864K
  class space    used 1771K, capacity 1916K, committed 1920K, reserved 1048576K
Event: 0.898 GC heap after
Heap after GC invocations=1 (full 0):
 PSYoungGen      total 75264K, used 9452K [0x000000076c580000, 0x0000000775880000, 0x00000007c0000000)
  eden space 64512K, 0% used [0x000000076c580000,0x000000076c580000,0x0000000770480000)
  from space 10752K, 87% used [0x0000000770480000,0x0000000770dbb318,0x0000000770f00000)
  to   space 10752K, 0% used [0x0000000774e00000,0x0000000774e00000,0x0000000775880000)
 ParOldGen       total 172032K, used 16K [0x00000006c5000000, 0x00000006cf800000, 0x000000076c580000)
  object space 172032K, 0% used [0x00000006c5000000,0x00000006c5004000,0x00000006cf800000)
 Metaspace       used 13454K, capacity 14036K, committed 14208K, reserved 1060864K
  class space    used 1771K, capacity 1916K, committed 1920K, reserved 1048576K
}
Event: 1.195 GC heap before
{Heap before GC invocations=2 (full 0):
 PSYoungGen      total 75264K, used 73964K [0x000000076c580000, 0x0000000775880000, 0x00000007c0000000)
  eden space 64512K, 100% used [0x000000076c580000,0x0000000770480000,0x0000000770480000)
  from space 10752K, 87% used [0x0000000770480000,0x0000000770dbb318,0x0000000770f00000)
  to   space 10752K, 0% used [0x0000000774e00000,0x0000000774e00000,0x0000000775880000)
 ParOldGen       total 172032K, used 16K [0x00000006c5000000, 0x00000006cf800000, 0x000000076c580000)
  object space 172032K, 0% used [0x00000006c5000000,0x00000006c5004000,0x00000006cf800000)
 Metaspace       used 19183K, capacity 20052K, committed 20224K, reserved 1067008K
  class space    used 2608K, capacity 2813K, committed 2816K, reserved 1048576K
Event: 1.204 GC heap after
Heap after GC invocations=2 (full 0):
 PSYoungGen      total 139776K, used 10730K [0x000000076c580000, 0x0000000775880000, 0x00000007c0000000)
  eden space 129024K, 0% used [0x000000076c580000,0x000000076c580000,0x0000000774380000)
  from space 10752K, 99% used [0x0000000774e00000,0x000000077587aa20,0x0000000775880000)
  to   space 10752K, 0% used [0x0000000774380000,0x0000000774380000,0x0000000774e00000)
 ParOldGen       total 172032K, used 776K [0x00000006c5000000, 0x00000006cf800000, 0x000000076c580000)
  object space 172032K, 0% used [0x00000006c5000000,0x00000006c50c20e0,0x00000006cf800000)
 Metaspace       used 19183K, capacity 20052K, committed 20224K, reserved 1067008K
  class space    used 2608K, capacity 2813K, committed 2816K, reserved 1048576K
}
Event: 1.346 GC heap before
{Heap before GC invocations=3 (full 0):
 PSYoungGen      total 139776K, used 36041K [0x000000076c580000, 0x0000000775880000, 0x00000007c0000000)
  eden space 129024K, 19% used [0x000000076c580000,0x000000076de37d40,0x0000000774380000)
  from space 10752K, 99% used [0x0000000774e00000,0x000000077587aa20,0x0000000775880000)
  to   space 10752K, 0% used [0x0000000774380000,0x0000000774380000,0x0000000774e00000)
 ParOldGen       total 172032K, used 776K [0x00000006c5000000, 0x00000006cf800000, 0x000000076c580000)
  object space 172032K, 0% used [0x00000006c5000000,0x00000006c50c20e0,0x00000006cf800000)
 Metaspace       used 20322K, capacity 21180K, committed 21296K, reserved 1067008K
  class space    used 2785K, capacity 2993K, committed 3072K, reserved 1048576K
Event: 1.354 GC heap after
Heap after GC invocations=3 (full 0):
 PSYoungGen      total 139776K, used 8898K [0x000000076c580000, 0x000000077d680000, 0x00000007c0000000)
  eden space 129024K, 0% used [0x000000076c580000,0x000000076c580000,0x0000000774380000)
  from space 10752K, 82% used [0x0000000774380000,0x0000000774c30868,0x0000000774e00000)
  to   space 10752K, 0% used [0x000000077cc00000,0x000000077cc00000,0x000000077d680000)
 ParOldGen       total 172032K, used 784K [0x00000006c5000000, 0x00000006cf800000, 0x000000076c580000)
  object space 172032K, 0% used [0x00000006c5000000,0x00000006c50c40e0,0x00000006cf800000)
 Metaspace       used 20322K, capacity 21180K, committed 21296K, reserved 1067008K
  class space    used 2785K, capacity 2993K, committed 3072K, reserved 1048576K
}
Event: 1.354 GC heap before
{Heap before GC invocations=4 (full 1):
 PSYoungGen      total 139776K, used 8898K [0x000000076c580000, 0x000000077d680000, 0x00000007c0000000)
  eden space 129024K, 0% used [0x000000076c580000,0x000000076c580000,0x0000000774380000)
  from space 10752K, 82% used [0x0000000774380000,0x0000000774c30868,0x0000000774e00000)
  to   space 10752K, 0% used [0x000000077cc00000,0x000000077cc00000,0x000000077d680000)
 ParOldGen       total 172032K, used 784K [0x00000006c5000000, 0x00000006cf800000, 0x000000076c580000)
  object space 172032K, 0% used [0x00000006c5000000,0x00000006c50c40e0,0x00000006cf800000)
 Metaspace       used 20322K, capacity 21180K, committed 21296K, reserved 1067008K
  class space    used 2785K, capacity 2993K, committed 3072K, reserved 1048576K
Event: 1.382 GC heap after
Heap after GC invocations=4 (full 1):
 PSYoungGen      total 139776K, used 0K [0x000000076c580000, 0x000000077d680000, 0x00000007c0000000)
  eden space 129024K, 0% used [0x000000076c580000,0x000000076c580000,0x0000000774380000)
  from space 10752K, 0% used [0x0000000774380000,0x0000000774380000,0x0000000774e00000)
  to   space 10752K, 0% used [0x000000077cc00000,0x000000077cc00000,0x000000077d680000)
 ParOldGen       total 101376K, used 8687K [0x00000006c5000000, 0x00000006cb300000, 0x000000076c580000)
  object space 101376K, 8% used [0x00000006c5000000,0x00000006c587be98,0x00000006cb300000)
 Metaspace       used 20322K, capacity 21180K, committed 21296K, reserved 1067008K
  class space    used 2785K, capacity 2993K, committed 3072K, reserved 1048576K
}

